This is XeTeX, Version 3.14159265-2.6-0.99992 (MiKTeX 2.9) (preloaded format=xelatex 2015.10.3)  19 MAY 2016 20:43
entering extended mode
**readMe.tex
(readMe.tex
LaTeX2e <2015/01/01> patch level 2
Babel <3.9m> and hyphenation patterns for 69 languages loaded.
(C:\myVDrive\Programs\MikTex\tex\latex\base\article.cls
Document Class: article 2014/09/29 v1.4h Standard LaTeX document class
(C:\myVDrive\Programs\MikTex\tex\latex\base\size10.clo
File: size10.clo 2014/09/29 v1.4h Standard LaTeX file (size option)
)
\c@part=\count79
\c@section=\count80
\c@subsection=\count81
\c@subsubsection=\count82
\c@paragraph=\count83
\c@subparagraph=\count84
\c@figure=\count85
\c@table=\count86
\abovecaptionskip=\skip41
\belowcaptionskip=\skip42
\bibindent=\dimen102
)
(C:\myVDrive\Programs\MikTex\tex\latex\amsmath\amsmath.sty
Package: amsmath 2013/01/14 v2.14 AMS math features
\@mathmargin=\skip43

For additional information on amsmath, use the `?' option.
(C:\myVDrive\Programs\MikTex\tex\latex\amsmath\amstext.sty
Package: amstext 2000/06/29 v2.01

(C:\myVDrive\Programs\MikTex\tex\latex\amsmath\amsgen.sty
File: amsgen.sty 1999/11/30 v2.0
\@emptytoks=\toks14
\ex@=\dimen103
))
(C:\myVDrive\Programs\MikTex\tex\latex\amsmath\amsbsy.sty
Package: amsbsy 1999/11/29 v1.2d
\pmbraise@=\dimen104
)
(C:\myVDrive\Programs\MikTex\tex\latex\amsmath\amsopn.sty
Package: amsopn 1999/12/14 v2.01 operator names
)
\inf@bad=\count87
LaTeX Info: Redefining \frac on input line 210.
\uproot@=\count88
\leftroot@=\count89
LaTeX Info: Redefining \overline on input line 306.
\classnum@=\count90
\DOTSCASE@=\count91
LaTeX Info: Redefining \ldots on input line 378.
LaTeX Info: Redefining \dots on input line 381.
LaTeX Info: Redefining \cdots on input line 466.
\Mathstrutbox@=\box26
\strutbox@=\box27
\big@size=\dimen105
LaTeX Font Info:    Redeclaring font encoding OML on input line 566.
LaTeX Font Info:    Redeclaring font encoding OMS on input line 567.
\macc@depth=\count92
\c@MaxMatrixCols=\count93
\dotsspace@=\muskip10
\c@parentequation=\count94
\dspbrk@lvl=\count95
\tag@help=\toks15
\row@=\count96
\column@=\count97
\maxfields@=\count98
\andhelp@=\toks16
\eqnshift@=\dimen106
\alignsep@=\dimen107
\tagshift@=\dimen108
\tagwidth@=\dimen109
\totwidth@=\dimen110
\lineht@=\dimen111
\@envbody=\toks17
\multlinegap=\skip44
\multlinetaggap=\skip45
\mathdisplay@stack=\toks18
LaTeX Info: Redefining \[ on input line 2665.
LaTeX Info: Redefining \] on input line 2666.
)
(C:\myVDrive\Programs\MikTex\tex\latex\geometry\geometry.sty
Package: geometry 2010/09/12 v5.6 Page Geometry

(C:\myVDrive\Programs\MikTex\tex\latex\graphics\keyval.sty
Package: keyval 2014/10/28 v1.15 key=value parser (DPC)
\KV@toks@=\toks19
)
(C:\myVDrive\Programs\MikTex\tex\generic\oberdiek\ifpdf.sty
Package: ifpdf 2011/01/30 v2.3 Provides the ifpdf switch (HO)
Package ifpdf Info: pdfTeX in PDF mode is not detected.
)
(C:\myVDrive\Programs\MikTex\tex\generic\oberdiek\ifvtex.sty
Package: ifvtex 2010/03/01 v1.5 Detect VTeX and its facilities (HO)
Package ifvtex Info: VTeX not detected.
)
(C:\myVDrive\Programs\MikTex\tex\generic\ifxetex\ifxetex.sty
Package: ifxetex 2010/09/12 v0.6 Provides ifxetex conditional
)
\Gm@cnth=\count99
\Gm@cntv=\count100
\c@Gm@tempcnt=\count101
\Gm@bindingoffset=\dimen112
\Gm@wd@mp=\dimen113
\Gm@odd@mp=\dimen114
\Gm@even@mp=\dimen115
\Gm@layoutwidth=\dimen116
\Gm@layoutheight=\dimen117
\Gm@layouthoffset=\dimen118
\Gm@layoutvoffset=\dimen119
\Gm@dimlist=\toks20

(C:\myVDrive\Programs\MikTex\tex\xelatex\xetexconfig\geometry.cfg))
(C:\myVDrive\Programs\MikTex\tex\latex\graphics\lscape.sty
Package: lscape 2000/10/22 v3.01 Landscape Pages (DPC)

(C:\myVDrive\Programs\MikTex\tex\latex\graphics\graphics.sty
Package: graphics 2014/10/28 v1.0p Standard LaTeX Graphics (DPC,SPQR)

(C:\myVDrive\Programs\MikTex\tex\latex\graphics\trig.sty
Package: trig 1999/03/16 v1.09 sin cos tan (DPC)
)
(C:\myVDrive\Programs\MikTex\tex\latex\00miktex\graphics.cfg
File: graphics.cfg 2007/01/18 v1.5 graphics configuration of teTeX/TeXLive
)
Package graphics Info: Driver file: xetex.def on input line 94.

(C:\myVDrive\Programs\MikTex\tex\xelatex\xetex-def\xetex.def
File: xetex.def 2015/09/11 v4.06 LaTeX color/graphics driver for XeTeX (TeX Liv
e/RRM/JK)

(C:\myVDrive\Programs\MikTex\tex\generic\oberdiek\infwarerr.sty
Package: infwarerr 2010/04/08 v1.3 Providing info/warning/error messages (HO)
)
(C:\myVDrive\Programs\MikTex\tex\generic\oberdiek\ltxcmds.sty
Package: ltxcmds 2011/11/09 v1.22 LaTeX kernel commands for general use (HO)
))))
(C:\myVDrive\Programs\MikTex\tex\latex\tools\longtable.sty
Package: longtable 2014/10/28 v4.11 Multi-page Table package (DPC)
\LTleft=\skip46
\LTright=\skip47
\LTpre=\skip48
\LTpost=\skip49
\LTchunksize=\count102
\LTcapwidth=\dimen120
\LT@head=\box28
\LT@firsthead=\box29
\LT@foot=\box30
\LT@lastfoot=\box31
\LT@cols=\count103
\LT@rows=\count104
\c@LT@tables=\count105
\c@LT@chunks=\count106
\LT@p@ftn=\toks21
)
(C:\myVDrive\Programs\MikTex\tex\xelatex\xepersian\xepersian.sty
Package: xepersian 2015/04/30 v16.1 Persian typesetting in XeLaTeX

(C:\myVDrive\Programs\MikTex\tex\latex\fontspec\fontspec.sty
Package: fontspec 2015/09/24 v2.4e Font selection for XeLaTeX and LuaLaTeX

(C:\myVDrive\Programs\MikTex\tex\latex\l3kernel\expl3.sty
Package: expl3 2015/09/27 v6111 L3 programming layer (loader) 

(C:\myVDrive\Programs\MikTex\tex\latex\l3kernel\expl3-code.tex
Package: expl3 2015/09/27 v6111 L3 programming layer (code) 
L3 Module: l3bootstrap 2015/09/10 v5983 L3 Bootstrap code
L3 Module: l3names 2015/09/27 v6108 L3 Namespace for primitives
L3 Module: l3basics 2015/09/22 v6033 L3 Basic definitions
L3 Module: l3expan 2015/09/10 v5983 L3 Argument expansion
L3 Module: l3tl 2015/09/23 v6037 L3 Token lists
L3 Module: l3str 2015/09/20 v6021 L3 Strings
L3 Module: l3seq 2015/08/05 v5777 L3 Sequences and stacks
L3 Module: l3int 2015/09/25 v6089 L3 Integers
\c_max_int=\count107
\l_tmpa_int=\count108
\l_tmpb_int=\count109
\g_tmpa_int=\count110
\g_tmpb_int=\count111
L3 Module: l3quark 2015/08/17 v5855 L3 Quarks
L3 Module: l3prg 2015/09/10 v5983 L3 Control structures
\g__prg_map_int=\count112
L3 Module: l3clist 2015/09/02 v5901 L3 Comma separated lists
L3 Module: l3token 2015/09/23 v6040 L3 Experimental token manipulation
L3 Module: l3prop 2015/08/05 v5777 L3 Property lists
L3 Module: l3msg 2015/09/23 v6037 L3 Messages
L3 Module: l3file 2015/09/23 v6037 L3 File and I/O operations
\l_iow_line_count_int=\count113
\l__iow_target_count_int=\count114
\l__iow_current_line_int=\count115
\l__iow_current_word_int=\count116
\l__iow_current_indentation_int=\count117
L3 Module: l3skip 2015/09/25 v6089 L3 Dimensions and skips
\c_zero_dim=\dimen121
\c_max_dim=\dimen122
\l_tmpa_dim=\dimen123
\l_tmpb_dim=\dimen124
\g_tmpa_dim=\dimen125
\g_tmpb_dim=\dimen126
\c_zero_skip=\skip50
\c_max_skip=\skip51
\l_tmpa_skip=\skip52
\l_tmpb_skip=\skip53
\g_tmpa_skip=\skip54
\g_tmpb_skip=\skip55
\c_zero_muskip=\muskip11
\c_max_muskip=\muskip12
\l_tmpa_muskip=\muskip13
\l_tmpb_muskip=\muskip14
\g_tmpa_muskip=\muskip15
\g_tmpb_muskip=\muskip16
L3 Module: l3keys 2015/09/23 v6037 L3 Key-value interfaces
\g__keyval_level_int=\count118
\l_keys_choice_int=\count119
L3 Module: l3fp 2015/08/25 v5890 L3 Floating points
\c__fp_leading_shift_int=\count120
\c__fp_middle_shift_int=\count121
\c__fp_trailing_shift_int=\count122
\c__fp_big_leading_shift_int=\count123
\c__fp_big_middle_shift_int=\count124
\c__fp_big_trailing_shift_int=\count125
\c__fp_Bigg_leading_shift_int=\count126
\c__fp_Bigg_middle_shift_int=\count127
\c__fp_Bigg_trailing_shift_int=\count128
L3 Module: l3box 2015/08/09 v5822 L3 Experimental boxes
\c_empty_box=\box32
\l_tmpa_box=\box33
\l_tmpb_box=\box34
\g_tmpa_box=\box35
\g_tmpb_box=\box36
L3 Module: l3coffins 2015/08/06 v5789 L3 Coffin code layer
\l__coffin_internal_box=\box37
\l__coffin_internal_dim=\dimen127
\l__coffin_offset_x_dim=\dimen128
\l__coffin_offset_y_dim=\dimen129
\l__coffin_x_dim=\dimen130
\l__coffin_y_dim=\dimen131
\l__coffin_x_prime_dim=\dimen132
\l__coffin_y_prime_dim=\dimen133
\c_empty_coffin=\box38
\l__coffin_aligned_coffin=\box39
\l__coffin_aligned_internal_coffin=\box40
\l_tmpa_coffin=\box41
\l_tmpb_coffin=\box42
\l__coffin_display_coffin=\box43
\l__coffin_display_coord_coffin=\box44
\l__coffin_display_pole_coffin=\box45
\l__coffin_display_offset_dim=\dimen134
\l__coffin_display_x_dim=\dimen135
\l__coffin_display_y_dim=\dimen136
L3 Module: l3color 2014/08/23 v5354 L3 Experimental color support
L3 Module: l3candidates 2015/09/23 v6039 L3 Experimental additions to l3kernel
\l__box_top_dim=\dimen137
\l__box_bottom_dim=\dimen138
\l__box_left_dim=\dimen139
\l__box_right_dim=\dimen140
\l__box_top_new_dim=\dimen141
\l__box_bottom_new_dim=\dimen142
\l__box_left_new_dim=\dimen143
\l__box_right_new_dim=\dimen144
\l__box_internal_box=\box46
\l__coffin_bounding_shift_dim=\dimen145
\l__coffin_left_corner_dim=\dimen146
\l__coffin_right_corner_dim=\dimen147
\l__coffin_bottom_corner_dim=\dimen148
\l__coffin_top_corner_dim=\dimen149
\l__coffin_scaled_total_height_dim=\dimen150
\l__coffin_scaled_width_dim=\dimen151
L3 Module: l3sys 2015/09/25 v6087 L3 Experimental system/runtime functions
L3 Module: l3luatex 2015/09/10 v5983 L3 Experimental LuaTeX-specific functions
)
(C:\myVDrive\Programs\MikTex\tex\latex\l3kernel\l3unicode-data.def
File: l3unicode-data.def 2015/07/20 v5676 L3 Unicode data
)
(C:\myVDrive\Programs\MikTex\tex\latex\l3kernel\l3xdvipdfmx.def
File: l3xdvidpfmx.def 2015/09/10 v5983 L3 Experimental driver: xdvipdfmx
))
(C:\myVDrive\Programs\MikTex\tex\latex\l3packages\xparse\xparse.sty
Package: xparse 2015/09/27 v6111 L3 Experimental document command parser
\l__xparse_current_arg_int=\count129
\l__xparse_m_args_int=\count130
\l__xparse_mandatory_args_int=\count131
\l__xparse_processor_int=\count132
\l__xparse_v_nesting_int=\count133
)
\l_fontspec_script_int=\count134
\l_fontspec_language_int=\count135
\l_fontspec_strnum_int=\count136
\l__fontspec_tmpa_dim=\dimen152
\l__fontspec_tmpb_dim=\dimen153
\l__fontspec_tmpc_dim=\dimen154

(C:\myVDrive\Programs\MikTex\tex\latex\fontspec\fontspec-patches.sty
Package: fontspec-patches 2015/09/24 v2.4e Font selection for XeLaTeX and LuaLa
TeX
LaTeX Info: Redefining \em on input line 49.
LaTeX Info: Redefining \emph on input line 57.
LaTeX Info: Redefining \- on input line 60.
.................................................
. LaTeX info: "xparse/redefine-command"
. 
. Redefining command \oldstylenums with sig. 'm' on line 155.
.................................................
.................................................
. LaTeX info: "xparse/define-command"
. 
. Defining command \liningnums with sig. 'm' on line 159.
.................................................
)
(C:\myVDrive\Programs\MikTex\tex\latex\fontspec\fontspec-xetex.sty
Package: fontspec-xetex 2015/09/24 v2.4e Font selection for XeLaTeX and LuaLaTe
X

(C:\myVDrive\Programs\MikTex\tex\latex\base\fontenc.sty
Package: fontenc 2005/09/27 v1.99g Standard LaTeX package

(C:\myVDrive\Programs\MikTex\tex\latex\euenc\eu1enc.def
File: eu1enc.def 2010/05/27 v0.1h Experimental Unicode font encodings
)
LaTeX Font Info:    Try loading font information for EU1+lmr on input line 105.


(C:\myVDrive\Programs\MikTex\tex\latex\euenc\eu1lmr.fd
File: eu1lmr.fd 2009/10/30 v1.6 Font defs for Latin Modern
)
Requested font "[lmroman10-regular]:mapping=tex-text" at 10.0pt
 -> C:/myVDrive/Programs/MikTex/fonts/opentype/public/lm/lmroman10-regular.otf
)
(C:\myVDrive\Programs\MikTex\tex\xelatex\xunicode\xunicode.sty
File: xunicode.sty 2011/09/09 v0.981 provides access to latin accents and many 
other characters in Unicode lower plane

(C:\myVDrive\Programs\MikTex\tex\latex\tipa\t3enc.def
File: t3enc.def 2001/12/31 T3 encoding
Requested font "[lmromanslant10-regular]:mapping=tex-text" at 10.0pt
 -> C:/myVDrive/Programs/MikTex/fonts/opentype/public/lm/lmromanslant10-regular
.otf
Requested font "[lmroman10-italic]:mapping=tex-text" at 10.0pt
 -> C:/myVDrive/Programs/MikTex/fonts/opentype/public/lm/lmroman10-italic.otf
Requested font "[lmroman10-bold]:mapping=tex-text" at 10.0pt
 -> C:/myVDrive/Programs/MikTex/fonts/opentype/public/lm/lmroman10-bold.otf
LaTeX Font Info:    Try loading font information for EU1+lmss on input line 357
.

(C:\myVDrive\Programs\MikTex\tex\latex\euenc\eu1lmss.fd
File: eu1lmss.fd 2009/10/30 v1.6 Font defs for Latin Modern
)
Requested font "[lmsans10-regular]:mapping=tex-text" at 10.0pt
 -> C:/myVDrive/Programs/MikTex/fonts/opentype/public/lm/lmsans10-regular.otf
)
\tipaTiiicode=\count137
\tipasavetokens=\toks22
\tipachecktokens=\toks23

(C:\myVDrive\Programs\MikTex\tex\latex\graphics\graphicx.sty
Package: graphicx 2014/10/28 v1.0g Enhanced LaTeX Graphics (DPC,SPQR)
\Gin@req@height=\dimen155
\Gin@req@width=\dimen156
))
.................................................
. LaTeX info: "xparse/define-command"
. 
. Defining command \__fontspec_post_arg:w with sig. 'mmO{}' on line 42.
.................................................
.................................................
. LaTeX info: "xparse/define-command"
. 
. Defining command \fontspec with sig. 'om' on line 44.
.................................................
.................................................
. LaTeX info: "xparse/define-command"
. 
. Defining command \setmainfont with sig. 'om' on line 54.
.................................................
.................................................
. LaTeX info: "xparse/define-command"
. 
. Defining command \setsansfont with sig. 'om' on line 64.
.................................................
.................................................
. LaTeX info: "xparse/define-command"
. 
. Defining command \setmonofont with sig. 'om' on line 74.
.................................................
.................................................
. LaTeX info: "xparse/define-command"
. 
. Defining command \setmathrm with sig. 'om' on line 88.
.................................................
.................................................
. LaTeX info: "xparse/define-command"
. 
. Defining command \setboldmathrm with sig. 'om' on line 96.
.................................................
.................................................
. LaTeX info: "xparse/define-command"
. 
. Defining command \setmathsf with sig. 'om' on line 104.
.................................................
.................................................
. LaTeX info: "xparse/define-command"
. 
. Defining command \setmathtt with sig. 'om' on line 112.
.................................................
.................................................
. LaTeX info: "xparse/define-command"
. 
. Defining command \newfontfamily with sig. 'mom' on line 126.
.................................................
.................................................
. LaTeX info: "xparse/define-command"
. 
. Defining command \newfontface with sig. 'mom' on line 141.
.................................................
.................................................
. LaTeX info: "xparse/define-command"
. 
. Defining command \defaultfontfeatures with sig. 't+om' on line 155.
.................................................
.................................................
. LaTeX info: "xparse/define-command"
. 
. Defining command \addfontfeatures with sig. 'm' on line 210.
.................................................
.................................................
. LaTeX info: "xparse/define-command"
. 
. Defining command \newfontfeature with sig. 'mm' on line 221.
.................................................
.................................................
. LaTeX info: "xparse/define-command"
. 
. Defining command \newAATfeature with sig. 'mmmm' on line 229.
.................................................
.................................................
. LaTeX info: "xparse/define-command"
. 
. Defining command \newopentypefeature with sig. 'mmm' on line 237.
.................................................
.................................................
. LaTeX info: "xparse/define-command"
. 
. Defining command \aliasfontfeature with sig. 'mm' on line 258.
.................................................
.................................................
. LaTeX info: "xparse/define-command"
. 
. Defining command \aliasfontfeatureoption with sig. 'mmm' on line 267.
.................................................
.................................................
. LaTeX info: "xparse/define-command"
. 
. Defining command \newfontscript with sig. 'mm' on line 272.
.................................................
.................................................
. LaTeX info: "xparse/define-command"
. 
. Defining command \newfontlanguage with sig. 'mm' on line 298.
.................................................
.................................................
. LaTeX info: "xparse/define-command"
. 
. Defining command \DeclareFontsExtensions with sig. 'm' on line 318.
.................................................
\l__fontspec_tmp_int=\count138
LaTeX Info: Redefining \itshape on input line 2227.
LaTeX Info: Redefining \slshape on input line 2232.
LaTeX Info: Redefining \scshape on input line 2237.
LaTeX Info: Redefining \upshape on input line 2242.

(C:\myVDrive\Programs\MikTex\tex\latex\fontspec\fontspec.cfg)))
(C:\myVDrive\Programs\MikTex\tex\xelatex\xepersian\xepersian-persiancal.sty
Package: xepersian-persiancal 2012/07/25 v0.2 provides Persian calendar
\XePersian@i=\count139
\XePersian@y=\count140
\XePersian@m=\count141
\XePersian@d=\count142
\XePersian@latini=\count143
\XePersian@persiani=\count144
\XePersian@latinii=\count145
\XePersian@persianii=\count146
\XePersian@latiniii=\count147
\XePersian@persianiii=\count148
\XePersian@latiniv=\count149
\XePersian@persianiv=\count150
\XePersian@latinv=\count151
\XePersian@persianv=\count152
\XePersian@latinvi=\count153
\XePersian@persianvi=\count154
\XePersian@latinvii=\count155
\XePersian@persianvii=\count156
\XePersian@latinviii=\count157
\XePersian@persianviii=\count158
\XePersian@latinix=\count159
\XePersian@persianix=\count160
\XePersian@latinx=\count161
\XePersian@persianx=\count162
\XePersian@latinxi=\count163
\XePersian@persianxi=\count164
\XePersian@latinxii=\count165
\XePersian@persianxii=\count166
\XePersian@persianxiii=\count167
\XePersian@temp=\count168
\XePersian@temptwo=\count169
\XePersian@tempthree=\count170
\XePersian@yModHundred=\count171
\XePersian@thirtytwo=\count172
\XePersian@dn=\count173
\XePersian@sn=\count174
\XePersian@mminusone=\count175
)
(C:\myVDrive\Programs\MikTex\tex\xelatex\xepersian\xepersian-mathsdigitspec.sty
Package: xepersian-mathsdigitspec 2014/11/21 v1.1.0 Unicode Persian maths digit
s in XeLaTeX
.................................................
. LaTeX info: "xparse/define-command"
. 
. Defining command \new@mathbf with sig. 'm' on line 132.
.................................................
.................................................
. LaTeX info: "xparse/define-command"
. 
. Defining command \new@mathit with sig. 'm' on line 140.
.................................................
.................................................
. LaTeX info: "xparse/define-command"
. 
. Defining command \new@mathrm with sig. 'm' on line 148.
.................................................
.................................................
. LaTeX info: "xparse/define-command"
. 
. Defining command \new@mathsf with sig. 'm' on line 156.
.................................................
.................................................
. LaTeX info: "xparse/define-command"
. 
. Defining command \new@mathtt with sig. 'm' on line 164.
.................................................
.................................................
. LaTeX info: "xparse/define-command"
. 
. Defining command \setdigitfont with sig. 'om' on line 167.
.................................................
.................................................
. LaTeX info: "xparse/define-command"
. 
. Defining command \setmathsfdigitfont with sig. 'om' on line 195.
.................................................
.................................................
. LaTeX info: "xparse/define-command"
. 
. Defining command \setmathttdigitfont with sig. 'om' on line 204.
.................................................
) (C:\myVDrive\Programs\MikTex\tex\xelatex\bidi\bidi.sty
Package: bidi 2015/08/23 v17.6 Bidirectional typesetting in plain TeX and LaTeX


****************************************************
* 
* bidi package (Bidirectional typesetting in
* plain TeX and LaTeX, using XeTeX engine)
* 
* Description: A convenient interface for
* typesetting bidirectional texts in plain TeX
* and LaTeX. The package includes adaptations
* for use with many other commonly-used packages.
* 
* Copyright (c) 2009--2015 Vafa Khalighi
* 
* 2015/08/23, v17.6
* 
* License: LaTeX Project Public License, version
* 1.3c or higher (your choice)
* 
* Location on CTAN: /macros/xetex/latex/bidi
* 
* Issue tracker: https://github.com/persian-tex/bidi/issues
* 
* Support: persian-tex@tug.org
****************************************************
(C:\myVDrive\Programs\MikTex\tex\latex\iftex\iftex.sty
Package: iftex 2013/04/04 v0.2 Provides if(tex) conditional for PDFTeX, XeTeX, 
and LuaTeX
)
(C:\myVDrive\Programs\MikTex\tex\xelatex\bidi\biditools.sty
Package: biditools 2015/06/29 v0.5 Programming tools for bidi package
)
(C:\myVDrive\Programs\MikTex\tex\latex\oberdiek\zref-abspage.sty
Package: zref-abspage 2012/04/04 v2.24 Module abspage for zref (HO)

(C:\myVDrive\Programs\MikTex\tex\latex\oberdiek\zref-base.sty
Package: zref-base 2012/04/04 v2.24 Module base for zref (HO)

(C:\myVDrive\Programs\MikTex\tex\generic\oberdiek\kvsetkeys.sty
Package: kvsetkeys 2012/04/25 v1.16 Key value parser (HO)

(C:\myVDrive\Programs\MikTex\tex\generic\oberdiek\etexcmds.sty
Package: etexcmds 2011/02/16 v1.5 Avoid name clashes with e-TeX commands (HO)

(C:\myVDrive\Programs\MikTex\tex\generic\oberdiek\ifluatex.sty
Package: ifluatex 2010/03/01 v1.3 Provides the ifluatex switch (HO)
Package ifluatex Info: LuaTeX not detected.
)
Package etexcmds Info: Could not find \expanded.
(etexcmds)             That can mean that you are not using pdfTeX 1.50 or
(etexcmds)             that some package has redefined \expanded.
(etexcmds)             In the latter case, load this package earlier.
))
(C:\myVDrive\Programs\MikTex\tex\generic\oberdiek\kvdefinekeys.sty
Package: kvdefinekeys 2011/04/07 v1.3 Define keys (HO)
)
(C:\myVDrive\Programs\MikTex\tex\generic\oberdiek\pdftexcmds.sty
Package: pdftexcmds 2011/11/29 v0.20 Utility functions of pdfTeX for LuaTeX (HO
)
Package pdftexcmds Info: LuaTeX not detected.
Package pdftexcmds Info: pdfTeX >= 1.30 not detected.
Package pdftexcmds Info: \pdf@primitive is available.
Package pdftexcmds Info: \pdf@ifprimitive is available.
Package pdftexcmds Info: \pdfdraftmode not found.
)
(C:\myVDrive\Programs\MikTex\tex\latex\oberdiek\auxhook.sty
Package: auxhook 2011/03/04 v1.3 Hooks for auxiliary files (HO)
)
Package zref Info: New property list: main on input line 759.
Package zref Info: New property: default on input line 760.
Package zref Info: New property: page on input line 761.
)
(C:\myVDrive\Programs\MikTex\tex\generic\oberdiek\atbegshi.sty
Package: atbegshi 2011/10/05 v1.16 At begin shipout hook (HO)
)
\c@abspage=\count176
Package zref Info: New property: abspage on input line 62.
)
(C:\myVDrive\Programs\MikTex\tex\latex\xkeyval\xkeyval.sty
Package: xkeyval 2014/12/03 v2.7a package option processing (HA)

(C:\myVDrive\Programs\MikTex\tex\generic\xkeyval\xkeyval.tex
(C:\myVDrive\Programs\MikTex\tex\generic\xkeyval\xkvutils.tex
\XKV@toks=\toks24
\XKV@tempa@toks=\toks25
)
\XKV@depth=\count177
File: xkeyval.tex 2014/12/03 v2.7a key=value parser (HA)
))
(C:\myVDrive\Programs\MikTex\tex\xelatex\bidi\latex-xetex-bidi.def
File: latex-xetex-bidi.def 2015/02/01 v1.1.9 bidi adaptations for `latex.ltx' f
or XeTeX engine
\bidi@n@everypar=\toks26

(C:\myVDrive\Programs\MikTex\tex\xelatex\bidi\footnote-xetex-bidi.def
File: footnote-xetex-bidi.def 2013/04/26 v0.8 bidi footnote macros for XeTeX en
gine
\c@footdir@label=\count178
\footdir@toks=\toks27
)
(C:\myVDrive\Programs\MikTex\tex\xelatex\bidi\article-xetex-bidi.def
File: article-xetex-bidi.def 2010/07/25 v0.4 bidi adaptations for standard arti
cle class for XeTeX engine
)
(C:\myVDrive\Programs\MikTex\tex\xelatex\bidi\amsmath-xetex-bidi.def
File: amsmath-xetex-bidi.def 2014/09/04 v0.9 bidi adaptations for amsmath packa
ge for XeTeX engine
)
(C:\myVDrive\Programs\MikTex\tex\xelatex\bidi\amstext-xetex-bidi.def
File: amstext-xetex-bidi.def 2013/04/04 v0.1 bidi adaptations for amstext packa
ge for XeTeX engine
)
(C:\myVDrive\Programs\MikTex\tex\xelatex\bidi\graphicx-xetex-bidi.def
File: graphicx-xetex-bidi.def 2012/01/01 v0.4 bidi adaptations for graphicx pac
kage for XeTeX engine
)
(C:\myVDrive\Programs\MikTex\tex\xelatex\bidi\geometry-xetex-bidi.def
File: geometry-xetex-bidi.def 2013/04/01 v0.1 bidi adaptations for geometry pac
kage for XeTeX engine
)
(C:\myVDrive\Programs\MikTex\tex\xelatex\bidi\longtable-xetex-bidi.def
File: longtable-xetex-bidi.def 2013/04/01 v0.3 bidi adaptations for longtable p
ackage for XeTeX engine
))
(C:\myVDrive\Programs\MikTex\tex\xelatex\bidi\loadingorder-xetex-bidi.def
File: loadingorder-xetex-bidi.def 2013/05/22 v0.95 making sure that bidi is the
 last package loaded
))
****************************************************
* 
* xepersian package (Persian for LaTeX, using XeTeX engine)
* 
* Description: The package supports Persian
* typesetting, using fonts provided in the
* distribution.
* 
* Copyright (c) 2008--2015 Vafa Khalighi
* 
* v16.1, 2015/04/30
* 
* License: LaTeX Project Public License, version
* 1.3c or higher (your choice)
* 
* Location on CTAN: /macros/xetex/latex/xepersian
* 
* Issue tracker: https://github.com/persian-tex/xepersian/issues
* 
* Support: persian-tex@tug.org
****************************************************
.................................................
. LaTeX info: "xparse/define-command"
. 
. Defining command \settextfont with sig. 'om' on line 101.
.................................................
.................................................
. LaTeX info: "xparse/define-command"
. 
. Defining command \setlatintextfont with sig. 'om' on line 118.
.................................................
.................................................
. LaTeX info: "xparse/define-command"
. 
. Defining command \defpersianfont with sig. 'mom' on line 135.
.................................................
.................................................
. LaTeX info: "xparse/define-command"
. 
. Defining command \deflatinfont with sig. 'mom' on line 150.
.................................................
.................................................
. LaTeX info: "xparse/define-command"
. 
. Defining command \setpersiansansfont with sig. 'om' on line 195.
.................................................
.................................................
. LaTeX info: "xparse/define-command"
. 
. Defining command \setpersianmonofont with sig. 'om' on line 204.
.................................................
.................................................
. LaTeX info: "xparse/define-command"
. 
. Defining command \setnavarfont with sig. 'om' on line 213.
.................................................
.................................................
. LaTeX info: "xparse/define-command"
. 
. Defining command \setpookfont with sig. 'om' on line 222.
.................................................
.................................................
. LaTeX info: "xparse/define-command"
. 
. Defining command \setsayehfont with sig. 'om' on line 231.
.................................................
.................................................
. LaTeX info: "xparse/define-command"
. 
. Defining command \setiranicfont with sig. 'om' on line 240.
.................................................
(C:\myVDrive\Programs\MikTex\tex\xelatex\xepersian\loadingorder-xepersian.def
File: loadingorder-xepersian.def 2012/01/01 v0.3 making sure that xepersian is 
the last package loaded
)
(C:\myVDrive\Programs\MikTex\tex\xelatex\xepersian\footnote-xepersian.def
File: footnote-xepersian.def 2013/04/26 v0.4 footnote macros for xepersian pack
age
)
(C:\myVDrive\Programs\MikTex\tex\xelatex\xepersian\article-xepersian.def
File: article-xepersian.def 2010/07/25 v0.2 adaptations for standard article cl
ass
)
\g__file_internal_ior=\read1
Requested font "[lmroman10-regular]/OT" at 10.0pt
 -> C:/myVDrive/Programs/MikTex/fonts/opentype/public/lm/lmroman10-regular.otf
\g__fontspec_family_lmroman10-regular_int=\count179
Requested font "[lmromancaps10-regular]/OT" at 10.0pt
 -> C:/myVDrive/Programs/MikTex/fonts/opentype/public/lm/lmromancaps10-regular.
otf
Requested font "[lmroman10-bold]/OT" at 10.0pt
 -> C:/myVDrive/Programs/MikTex/fonts/opentype/public/lm/lmroman10-bold.otf
Requested font "[lmroman10-italic]/OT" at 10.0pt
 -> C:/myVDrive/Programs/MikTex/fonts/opentype/public/lm/lmroman10-italic.otf
Requested font "[lmromanslant10-regular]/OT" at 10.0pt
 -> C:/myVDrive/Programs/MikTex/fonts/opentype/public/lm/lmromanslant10-regular
.otf
Requested font "[lmroman10-bolditalic]/OT" at 10.0pt
 -> C:/myVDrive/Programs/MikTex/fonts/opentype/public/lm/lmroman10-bolditalic.o
tf
Requested font "[lmromanslant10-bold]/OT" at 10.0pt
 -> C:/myVDrive/Programs/MikTex/fonts/opentype/public/lm/lmromanslant10-bold.ot
f
.................................................
. fontspec info: "defining-font"
. 
. Font family 'lmroman10-regular(0)' created for font 'lmroman10-regular' with
. options
. [Mapping=tex-text,ExternalLocation,BoldFont={lmroman10-bold},BoldItalicFont={
lmroman10-bolditalic},ItalicFont={lmroman10-italic},SmallCapsFont={lmromancaps1
0-regular},SlantedFont={lmromanslant10-regular},BoldSlantedFont={lmromanslant10
-bold}].
. 
. This font family consists of the following shapes:
. 
. * 'normal' with NFSS spec.:
. <->"[lmroman10-regular]/OT:script=latn;language=DFLT;mapping=tex-text;"
. 
. * 'small caps' with NFSS spec.:
. <->"[lmromancaps10-regular]/OT:script=latn;language=DFLT;mapping=tex-text;"
. and font adjustment code:
. 
. 
. * 'bold' with NFSS spec.:
. <->"[lmroman10-bold]/OT:script=latn;language=DFLT;mapping=tex-text;"
. 
. * 'bold small caps' with NFSS spec.:
. <->"[lmromancaps10-regular]/OT:script=latn;language=DFLT;mapping=tex-text;"
. and font adjustment code:
. 
. 
. * 'italic' with NFSS spec.:
. <->"[lmroman10-italic]/OT:script=latn;language=DFLT;mapping=tex-text;"
. 
. * 'small caps' with NFSS spec.:
. <->"[lmromancaps10-regular]/OT:script=latn;language=DFLT;mapping=tex-text;"
. and font adjustment code:
. 
. 
. * 'sl/,' with NFSS spec.:
. 
. <->"[lmromanslant10-regular]/OT:script=latn;language=DFLT;mapping=tex-text;"
. 
. * 'small caps' with NFSS spec.:
. <->"[lmromancaps10-regular]/OT:script=latn;language=DFLT;mapping=tex-text;"
. and font adjustment code:
. 
. 
. * 'bold italic' with NFSS spec.:
. <->"[lmroman10-bolditalic]/OT:script=latn;language=DFLT;mapping=tex-text;"
. 
. * 'bold small caps' with NFSS spec.:
. <->"[lmromancaps10-regular]/OT:script=latn;language=DFLT;mapping=tex-text;"
. and font adjustment code:
. 
. 
. * 'sl/,' with NFSS spec.:
. <->"[lmromanslant10-bold]/OT:script=latn;language=DFLT;mapping=tex-text;"
. 
. * 'bold small caps' with NFSS spec.:
. <->"[lmromancaps10-regular]/OT:script=latn;language=DFLT;mapping=tex-text;"
. and font adjustment code:
. 
.................................................
)
Requested font "XB Niloofar/OT" at 10.0pt
 -> C:/WINDOWS/Fonts/XB Niloofar.ttf
\g__fontspec_family_XBNiloofar_int=\count180
Requested font "XB Niloofar/BI/OT" at 10.0pt
 -> C:/WINDOWS/Fonts/XB NiloofarBdIt.ttf
Requested font "XB Niloofar/B/OT" at 10.0pt
 -> C:/WINDOWS/Fonts/XB NiloofarBd.ttf
Requested font "XB Niloofar/I/OT" at 10.0pt
 -> C:/WINDOWS/Fonts/XB NiloofarIt.ttf
Requested font "XB Niloofar/B/OT" at 10.0pt
 -> C:/WINDOWS/Fonts/XB NiloofarBd.ttf
Requested font "XB Niloofar/B/OT" at 10.0pt
 -> C:/WINDOWS/Fonts/XB NiloofarBd.ttf
Requested font "XB Niloofar/I/OT" at 10.0pt
 -> C:/WINDOWS/Fonts/XB NiloofarIt.ttf
Requested font "XB Niloofar/I/OT" at 10.0pt
 -> C:/WINDOWS/Fonts/XB NiloofarIt.ttf
Requested font "XB Niloofar/BI/OT" at 10.0pt
 -> C:/WINDOWS/Fonts/XB NiloofarBdIt.ttf
Requested font "XB Niloofar/BI/OT" at 10.0pt
 -> C:/WINDOWS/Fonts/XB NiloofarBdIt.ttf
.................................................
. fontspec info: "defining-font"
. 
. Font family 'XBNiloofar(0)' created for font 'XB Niloofar' with options
. [Script=Parsi,Language=Parsi,Mapping=parsidigits].
. 
. This font family consists of the following shapes:
. 
. * 'normal' with NFSS spec.:
. <->"XB Niloofar/OT:script=arab;language=FAR;mapping=parsidigits;"
. 
. * 'small caps' with NFSS spec.:
. 
. and font adjustment code:
. 
. 
. * 'bold' with NFSS spec.:
. <->"XB Niloofar/B/OT:script=arab;language=FAR;mapping=parsidigits;"
. 
. * 'bold small caps' with NFSS spec.:
. 
. and font adjustment code:
. 
. 
. * 'italic' with NFSS spec.:
. <->"XB Niloofar/I/OT:script=arab;language=FAR;mapping=parsidigits;"
. 
. * 'small caps' with NFSS spec.:
. 
. and font adjustment code:
. 
. 
. * 'bold italic' with NFSS spec.:
. <->"XB Niloofar/BI/OT:script=arab;language=FAR;mapping=parsidigits;"
. 
. * 'bold small caps' with NFSS spec.:
. 
. and font adjustment code:
. 
.................................................
Requested font "XB Niloofar/OT:script=arab;language=FAR;mapping=parsidigits;" a
t 10.0pt
 -> C:/WINDOWS/Fonts/XB Niloofar.ttf

(readMe.aux)
LaTeX Font Info:    Checking defaults for OML/cmm/m/it on input line 23.
LaTeX Font Info:    ... okay on input line 23.
LaTeX Font Info:    Checking defaults for T1/cmr/m/n on input line 23.
LaTeX Font Info:    ... okay on input line 23.
LaTeX Font Info:    Checking defaults for OT1/cmr/m/n on input line 23.
LaTeX Font Info:    ... okay on input line 23.
LaTeX Font Info:    Checking defaults for OMS/cmsy/m/n on input line 23.
LaTeX Font Info:    ... okay on input line 23.
LaTeX Font Info:    Checking defaults for OMX/cmex/m/n on input line 23.
LaTeX Font Info:    ... okay on input line 23.
LaTeX Font Info:    Checking defaults for U/cmr/m/n on input line 23.
LaTeX Font Info:    ... okay on input line 23.
LaTeX Font Info:    Checking defaults for EU1/lmr/m/n on input line 23.
LaTeX Font Info:    ... okay on input line 23.
LaTeX Font Info:    Checking defaults for T3/cmr/m/n on input line 23.
LaTeX Font Info:    Try loading font information for T3+cmr on input line 23.
 (C:\myVDrive\Programs\MikTex\tex\latex\tipa\t3cmr.fd
File: t3cmr.fd 2001/12/31 TIPA font definitions
)
LaTeX Font Info:    ... okay on input line 23.

*geometry* detected driver: pdftex
*geometry* verbose mode - [ preamble ] result:
* driver: pdftex
* paper: a4paper
* layout: <same size as paper>
* layoutoffset:(h,v)=(0.0pt,0.0pt)
* modes: 
* h-part:(L,W,R)=(56.9055pt, 483.69687pt, 56.9055pt)
* v-part:(T,H,B)=(56.9055pt, 731.23584pt, 56.9055pt)
* \paperwidth=597.50787pt
* \paperheight=845.04684pt
* \textwidth=483.69687pt
* \textheight=731.23584pt
* \oddsidemargin=-15.36449pt
* \evensidemargin=-15.36449pt
* \topmargin=-52.36449pt
* \headheight=12.0pt
* \headsep=25.0pt
* \topskip=10.0pt
* \footskip=30.0pt
* \marginparwidth=57.0pt
* \marginparsep=11.0pt
* \columnsep=10.0pt
* \skip\footins=9.0pt plus 4.0pt minus 2.0pt
* \hoffset=0.0pt
* \voffset=0.0pt
* \mag=1000
* \@twocolumnfalse
* \@twosidefalse
* \@mparswitchfalse
* \@reversemarginfalse
* (1in=72.27pt=25.4mm, 1cm=28.453pt)

\AtBeginShipoutBox=\box47

Underfull \hbox (badness 10000) in paragraph at lines 24--39
[][]
 []

Requested font "XB Niloofar/OT:script=arab;language=FAR;mapping=parsidigits;" a
t 14.4pt
 -> C:/WINDOWS/Fonts/XB Niloofar.ttf
Requested font "XB Niloofar/B/OT:script=arab;language=FAR;mapping=parsidigits;"
 at 14.4pt
 -> C:/WINDOWS/Fonts/XB NiloofarBd.ttf
Requested font "[lmroman10-regular]/OT:script=latn;language=DFLT;mapping=tex-te
xt;" at 10.0pt
 -> C:/myVDrive/Programs/MikTex/fonts/opentype/public/lm/lmroman10-regular.otf
Requested font "[lmroman10-bold]/OT:script=latn;language=DFLT;mapping=tex-text;
" at 10.0pt
 -> C:/myVDrive/Programs/MikTex/fonts/opentype/public/lm/lmroman10-bold.otf
Requested font "cmex7" at 7.0pt
Requested font "cmex7" at 5.0pt
Requested font "XB Niloofar/B/OT:script=arab;language=FAR;mapping=parsidigits;"
 at 10.0pt
 -> C:/WINDOWS/Fonts/XB NiloofarBd.ttf
Requested font "XB Niloofar/OT:script=arab;language=FAR;mapping=parsidigits;" a
t 7.0pt
 -> C:/WINDOWS/Fonts/XB Niloofar.ttf
Requested font "XB Niloofar/B/OT:script=arab;language=FAR;mapping=parsidigits;"
 at 7.0pt
 -> C:/WINDOWS/Fonts/XB NiloofarBd.ttf
Requested font "XB Niloofar/OT:script=arab;language=FAR;mapping=parsidigits;" a
t 5.0pt
 -> C:/WINDOWS/Fonts/XB Niloofar.ttf
Requested font "XB Niloofar/B/OT:script=arab;language=FAR;mapping=parsidigits;"
 at 5.0pt
 -> C:/WINDOWS/Fonts/XB NiloofarBd.ttf
Requested font "[lmroman10-regular]/OT:script=latn;language=DFLT;mapping=tex-te
xt;" at 7.0pt
 -> C:/myVDrive/Programs/MikTex/fonts/opentype/public/lm/lmroman10-regular.otf
Requested font "[lmroman10-bold]/OT:script=latn;language=DFLT;mapping=tex-text;
" at 7.0pt
 -> C:/myVDrive/Programs/MikTex/fonts/opentype/public/lm/lmroman10-bold.otf
Requested font "[lmroman10-regular]/OT:script=latn;language=DFLT;mapping=tex-te
xt;" at 5.0pt
 -> C:/myVDrive/Programs/MikTex/fonts/opentype/public/lm/lmroman10-regular.otf
Requested font "[lmroman10-bold]/OT:script=latn;language=DFLT;mapping=tex-text;
" at 5.0pt
 -> C:/myVDrive/Programs/MikTex/fonts/opentype/public/lm/lmroman10-bold.otf
Requested font "cmbx10" at 10.0pt
Requested font "cmbx7" at 7.0pt
Requested font "cmbx5" at 5.0pt
Requested font "cmmib10" at 10.0pt
Requested font "cmmib7" at 7.0pt
Requested font "cmmib5" at 5.0pt
Requested font "cmbsy10" at 10.0pt
Requested font "cmbsy7" at 7.0pt
Requested font "cmbsy5" at 5.0pt

Overfull \hbox (35.63667pt too wide) in alignment at lines 91--123
 [] [] [] [] 
 []


Overfull \hbox (35.63667pt too wide) in alignment at lines 123--154
 [] [] [] [] 
 []


Overfull \hbox (35.63667pt too wide) in alignment at lines 154--188
 [] [] [] [] 
 []

[1

]
Overfull \hbox (35.63667pt too wide) in alignment at lines 188--218
 [] [] [] [] 
 []

[2]
Overfull \hbox (35.63667pt too wide) in alignment at lines 218--248
 [] [] [] [] 
 []


Overfull \hbox (35.63667pt too wide) in alignment at lines 248--278
 [] [] [] [] 
 []

[3]
Overfull \hbox (35.63667pt too wide) in alignment at lines 278--308
 [] [] [] [] 
 []


Overfull \hbox (35.63667pt too wide) in alignment at lines 308--338
 [] [] [] [] 
 []

[4]
Overfull \hbox (35.63667pt too wide) in alignment at lines 338--369
 [] [] [] [] 
 []


Overfull \hbox (35.63667pt too wide) in alignment at lines 369--372
 [] [] [] [] 
 []

[5]
Requested font "XB Niloofar/OT:script=arab;language=FAR;mapping=parsidigits;" a
t 12.0pt
 -> C:/WINDOWS/Fonts/XB Niloofar.ttf
Requested font "XB Niloofar/B/OT:script=arab;language=FAR;mapping=parsidigits;"
 at 12.0pt
 -> C:/WINDOWS/Fonts/XB NiloofarBd.ttf
Requested font "XB Niloofar/I/OT:script=arab;language=FAR;mapping=parsidigits;"
 at 10.0pt
 -> C:/WINDOWS/Fonts/XB NiloofarIt.ttf
Requested font "XB Niloofar/BI/OT:script=arab;language=FAR;mapping=parsidigits;
" at 10.0pt
 -> C:/WINDOWS/Fonts/XB NiloofarBdIt.ttf
Requested font "[lmroman10-italic]/OT:script=latn;language=DFLT;mapping=tex-tex
t;" at 10.0pt
 -> C:/myVDrive/Programs/MikTex/fonts/opentype/public/lm/lmroman10-italic.otf

Underfull \hbox (badness 10000) in paragraph at lines 410--415
[][]
 []

[6]
Underfull \hbox (badness 10000) in paragraph at lines 423--430
[][]
 []

[7] (readMe.aux) ) 
Here is how much of TeX's memory you used:
 17225 strings out of 428764
 344044 string characters out of 3164386
 412020 words of memory out of 3000000
 20365 multiletter control sequences out of 15000+200000
 7131 words of font info for 60 fonts, out of 3000000 for 9000
 1096 hyphenation exceptions out of 8191
 60i,9n,63p,10395b,311s stack positions out of 5000i,500n,10000p,200000b,50000s

Output written on readMe.pdf (7 pages).
